# JRE version: OpenJDK Runtime Environment Temurin-17.0.2+8 (17.0.2+8) (build 17.0.2+8)
# Java VM: OpenJDK 64-Bit Server VM Temurin-17.0.2+8 (17.0.2+8, mixed mode, emulated-client, tiered, compressed oops, compressed class ptrs, g1 gc, windows-amd64)
GC Precious Log:
 CPUs: 2 total, 2 available
 Memory: 3843M
 Large Page Support: Disabled
 NUMA Support: Disabled
 Compressed Oops: Enabled (32-bit)
 Heap Region Size: 1M
 Heap Min Capacity: 8M
 Heap Initial Capacity: 62M
 Heap Max Capacity: 962M
 Pre-touch: Disabled
 Parallel Workers: 2
 Concurrent Workers: 1
 Concurrent Refinement Workers: 2
 Periodic GC: Disabled
Heap:
 garbage-first heap   total 56320K, used 28134K [0x00000000c3e00000, 0x0000000100000000)
  region size 1024K, 9 young (9216K), 2 survivors (2048K)
 Metaspace       used 54505K, committed 54848K, reserved 1097728K
  class space    used 7267K, committed 7424K, reserved 1048576K
GC Heap History (20 events):
Event: 5.108 GC heap before
{Heap before GC invocations=6 (full 0):
 garbage-first heap   total 37888K, used 28835K [0x00000000c3e00000, 0x0000000100000000)
  region size 1024K, 22 young (22528K), 3 survivors (3072K)
 Metaspace       used 25343K, committed 25664K, reserved 1073152K
  class space    used 2987K, committed 3136K, reserved 1048576K
}
Event: 5.122 GC heap after
{Heap after GC invocations=7 (full 0):
 garbage-first heap   total 37888K, used 10678K [0x00000000c3e00000, 0x0000000100000000)
  region size 1024K, 3 young (3072K), 3 survivors (3072K)
 Metaspace       used 25343K, committed 25664K, reserved 1073152K
  class space    used 2987K, committed 3136K, reserved 1048576K
}
Event: 5.166 GC heap before
{Heap before GC invocations=7 (full 0):
 garbage-first heap   total 37888K, used 11702K [0x00000000c3e00000, 0x0000000100000000)
  region size 1024K, 4 young (4096K), 3 survivors (3072K)
 Metaspace       used 25548K, committed 25856K, reserved 1073152K
  class space    used 3005K, committed 3136K, reserved 1048576K
}
Event: 5.173 GC heap after
{Heap after GC invocations=8 (full 0):
 garbage-first heap   total 37888K, used 10932K [0x00000000c3e00000, 0x0000000100000000)
  region size 1024K, 1 young (1024K), 1 survivors (1024K)
 Metaspace       used 25548K, committed 25856K, reserved 1073152K
  class space    used 3005K, committed 3136K, reserved 1048576K
}
Event: 5.981 GC heap before
{Heap before GC invocations=8 (full 0):
 garbage-first heap   total 37888K, used 24244K [0x00000000c3e00000, 0x0000000100000000)
  region size 1024K, 15 young (15360K), 1 survivors (1024K)
 Metaspace       used 26566K, committed 26816K, reserved 1073152K
  class space    used 3159K, committed 3264K, reserved 1048576K
}
Event: 5.986 GC heap after
{Heap after GC invocations=9 (full 0):
 garbage-first heap   total 37888K, used 11813K [0x00000000c3e00000, 0x0000000100000000)
  region size 1024K, 2 young (2048K), 2 survivors (2048K)
 Metaspace       used 26566K, committed 26816K, reserved 1073152K
  class space    used 3159K, committed 3264K, reserved 1048576K
}
Event: 7.254 GC heap before
{Heap before GC invocations=9 (full 0):
 garbage-first heap   total 37888K, used 26149K [0x00000000c3e00000, 0x0000000100000000)
  region size 1024K, 16 young (16384K), 2 survivors (2048K)
 Metaspace       used 28511K, committed 28800K, reserved 1081344K
  class space    used 3462K, committed 3584K, reserved 1048576K
}
Event: 7.269 GC heap after
{Heap after GC invocations=10 (full 0):
 garbage-first heap   total 37888K, used 12799K [0x00000000c3e00000, 0x0000000100000000)
  region size 1024K, 1 young (1024K), 1 survivors (1024K)
 Metaspace       used 28511K, committed 28800K, reserved 1081344K
  class space    used 3462K, committed 3584K, reserved 1048576K
}
Event: 8.997 GC heap before
{Heap before GC invocations=10 (full 0):
 garbage-first heap   total 37888K, used 28159K [0x00000000c3e00000, 0x0000000100000000)
  region size 1024K, 16 young (16384K), 1 survivors (1024K)
 Metaspace       used 30951K, committed 31232K, reserved 1081344K
  class space    used 3841K, committed 3968K, reserved 1048576K
}
Event: 9.007 GC heap after
{Heap after GC invocations=11 (full 0):
 garbage-first heap   total 56320K, used 14333K [0x00000000c3e00000, 0x0000000100000000)
  region size 1024K, 2 young (2048K), 2 survivors (2048K)
 Metaspace       used 30951K, committed 31232K, reserved 1081344K
  class space    used 3841K, committed 3968K, reserved 1048576K
}
Event: 12.889 GC heap before
{Heap before GC invocations=11 (full 0):
 garbage-first heap   total 56320K, used 43005K [0x00000000c3e00000, 0x0000000100000000)
  region size 1024K, 30 young (30720K), 2 survivors (2048K)
 Metaspace       used 35644K, committed 35968K, reserved 1081344K
  class space    used 4418K, committed 4544K, reserved 1048576K
}
Event: 12.902 GC heap after
{Heap after GC invocations=12 (full 0):
 garbage-first heap   total 56320K, used 16710K [0x00000000c3e00000, 0x0000000100000000)
  region size 1024K, 4 young (4096K), 4 survivors (4096K)
 Metaspace       used 35644K, committed 35968K, reserved 1081344K
  class space    used 4418K, committed 4544K, reserved 1048576K
}
Event: 13.106 GC heap before
{Heap before GC invocations=12 (full 0):
 garbage-first heap   total 56320K, used 18758K [0x00000000c3e00000, 0x0000000100000000)
  region size 1024K, 7 young (7168K), 4 survivors (4096K)
 Metaspace       used 35793K, committed 36096K, reserved 1081344K
  class space    used 4434K, committed 4544K, reserved 1048576K
}
Event: 13.118 GC heap after
{Heap after GC invocations=13 (full 0):
 garbage-first heap   total 56320K, used 17379K [0x00000000c3e00000, 0x0000000100000000)
  region size 1024K, 1 young (1024K), 1 survivors (1024K)
 Metaspace       used 35793K, committed 36096K, reserved 1081344K
  class space    used 4434K, committed 4544K, reserved 1048576K
}
Event: 17.397 GC heap before
{Heap before GC invocations=14 (full 0):
 garbage-first heap   total 56320K, used 40931K [0x00000000c3e00000, 0x0000000100000000)
  region size 1024K, 25 young (25600K), 1 survivors (1024K)
 Metaspace       used 40920K, committed 41344K, reserved 1089536K
  class space    used 5236K, committed 5440K, reserved 1048576K
}
Event: 17.404 GC heap after
{Heap after GC invocations=15 (full 0):
 garbage-first heap   total 56320K, used 18533K [0x00000000c3e00000, 0x0000000100000000)
  region size 1024K, 2 young (2048K), 2 survivors (2048K)
 Metaspace       used 40920K, committed 41344K, reserved 1089536K
  class space    used 5236K, committed 5440K, reserved 1048576K
}
Event: 20.796 GC heap before
{Heap before GC invocations=15 (full 0):
 garbage-first heap   total 56320K, used 42085K [0x00000000c3e00000, 0x0000000100000000)
  region size 1024K, 26 young (26624K), 2 survivors (2048K)
 Metaspace       used 47763K, committed 48128K, reserved 1097728K
  class space    used 6251K, committed 6400K, reserved 1048576K
}
Event: 20.807 GC heap after
{Heap after GC invocations=16 (full 0):
 garbage-first heap   total 56320K, used 20772K [0x00000000c3e00000, 0x0000000100000000)
  region size 1024K, 4 young (4096K), 4 survivors (4096K)
 Metaspace       used 47763K, committed 48128K, reserved 1097728K
  class space    used 6251K, committed 6400K, reserved 1048576K
}
Event: 23.219 GC heap before
{Heap before GC invocations=16 (full 0):
 garbage-first heap   total 56320K, used 43300K [0x00000000c3e00000, 0x0000000100000000)
  region size 1024K, 26 young (26624K), 4 survivors (4096K)
 Metaspace       used 53620K, committed 54016K, reserved 1097728K
  class space    used 7169K, committed 7360K, reserved 1048576K
}
Event: 23.233 GC heap after
{Heap after GC invocations=17 (full 0):
 garbage-first heap   total 56320K, used 21990K [0x00000000c3e00000, 0x0000000100000000)
  region size 1024K, 2 young (2048K), 2 survivors (2048K)
 Metaspace       used 53620K, committed 54016K, reserved 1097728K
  class space    used 7169K, committed 7360K, reserved 1048576K
}

